

Started GET "/" for 127.0.0.1 at 2014-12-17 19:38:37 -0500
Processing by AssetsController#index as HTML
  Rendered assets/index.html.erb (1087.3ms)
Completed 200 OK in 1109ms (Views: 1095.9ms | ActiveRecord: 0.0ms)


Started GET "/assets/application.css?body=1" for 127.0.0.1 at 2014-12-17 19:38:38 -0500


Started GET "/assets/jquery.js?body=1" for 127.0.0.1 at 2014-12-17 19:38:38 -0500


Started GET "/assets/handlebars.js?body=1" for 127.0.0.1 at 2014-12-17 19:38:38 -0500


Started GET "/assets/store.js?body=1" for 127.0.0.1 at 2014-12-17 19:38:38 -0500


Started GET "/assets/ember.js?body=1" for 127.0.0.1 at 2014-12-17 19:38:38 -0500


Started GET "/assets/templates/index.js?body=1" for 127.0.0.1 at 2014-12-17 19:38:38 -0500


Started GET "/assets/router.js?body=1" for 127.0.0.1 at 2014-12-17 19:38:38 -0500


Started GET "/assets/my_app.js?body=1" for 127.0.0.1 at 2014-12-17 19:38:39 -0500


Started GET "/assets/application.js?body=1" for 127.0.0.1 at 2014-12-17 19:38:39 -0500


Started GET "/assets/ember-data.js?body=1" for 127.0.0.1 at 2014-12-17 19:38:39 -0500


Started GET "/" for 127.0.0.1 at 2014-12-17 19:47:03 -0500
Processing by AssetsController#index as HTML
  Rendered assets/index.html.erb (1166.6ms)
Completed 200 OK in 1172ms (Views: 1170.2ms | ActiveRecord: 0.0ms)


Started GET "/assets/application.css?body=1" for 127.0.0.1 at 2014-12-17 19:47:04 -0500


Started GET "/assets/handlebars.js?body=1" for 127.0.0.1 at 2014-12-17 19:47:04 -0500


Started GET "/assets/ember.js?body=1" for 127.0.0.1 at 2014-12-17 19:47:04 -0500


Started GET "/assets/routes/organizations.js?body=1" for 127.0.0.1 at 2014-12-17 19:47:04 -0500


Started GET "/assets/ember-data.js?body=1" for 127.0.0.1 at 2014-12-17 19:47:04 -0500


Started GET "/assets/models/organizations.js?body=1" for 127.0.0.1 at 2014-12-17 19:47:04 -0500


Started GET "/assets/store.js?body=1" for 127.0.0.1 at 2014-12-17 19:47:04 -0500


Started GET "/assets/application.js?body=1" for 127.0.0.1 at 2014-12-17 19:47:04 -0500


Started GET "/assets/templates/index.js?body=1" for 127.0.0.1 at 2014-12-17 19:47:04 -0500


Started GET "/assets/router.js?body=1" for 127.0.0.1 at 2014-12-17 19:47:04 -0500


Started GET "/assets/my_app.js?body=1" for 127.0.0.1 at 2014-12-17 19:47:04 -0500


Started GET "/" for 127.0.0.1 at 2014-12-17 19:47:29 -0500
Processing by AssetsController#index as HTML
  Rendered assets/index.html.erb (318.5ms)
Completed 200 OK in 321ms (Views: 320.5ms | ActiveRecord: 0.0ms)


Started GET "/assets/application.css?body=1" for 127.0.0.1 at 2014-12-17 19:47:29 -0500


Started GET "/assets/handlebars.js?body=1" for 127.0.0.1 at 2014-12-17 19:47:29 -0500


Started GET "/assets/store.js?body=1" for 127.0.0.1 at 2014-12-17 19:47:29 -0500


Started GET "/assets/jquery.js?body=1" for 127.0.0.1 at 2014-12-17 19:47:29 -0500


Started GET "/assets/ember.js?body=1" for 127.0.0.1 at 2014-12-17 19:47:29 -0500


Started GET "/assets/templates/index.js?body=1" for 127.0.0.1 at 2014-12-17 19:47:29 -0500


Started GET "/assets/application.js?body=1" for 127.0.0.1 at 2014-12-17 19:47:29 -0500


Started GET "/assets/ember-data.js?body=1" for 127.0.0.1 at 2014-12-17 19:47:29 -0500


Started GET "/assets/models/organizations.js?body=1" for 127.0.0.1 at 2014-12-17 19:47:29 -0500


Started GET "/assets/routes/organizations.js?body=1" for 127.0.0.1 at 2014-12-17 19:47:29 -0500


Started GET "/assets/router.js?body=1" for 127.0.0.1 at 2014-12-17 19:47:29 -0500


Started GET "/assets/my_app.js?body=1" for 127.0.0.1 at 2014-12-17 19:47:29 -0500


Started GET "/" for 127.0.0.1 at 2014-12-17 19:47:45 -0500
Processing by AssetsController#index as HTML
  Rendered assets/index.html.erb (853.2ms)
Completed 200 OK in 857ms (Views: 856.4ms | ActiveRecord: 0.0ms)


Started GET "/assets/jquery.js?body=1" for 127.0.0.1 at 2014-12-17 19:47:46 -0500


Started GET "/assets/application.css?body=1" for 127.0.0.1 at 2014-12-17 19:47:46 -0500


Started GET "/assets/ember.js?body=1" for 127.0.0.1 at 2014-12-17 19:47:46 -0500


Started GET "/assets/handlebars.js?body=1" for 127.0.0.1 at 2014-12-17 19:47:46 -0500


Started GET "/assets/templates/index.js?body=1" for 127.0.0.1 at 2014-12-17 19:47:46 -0500


Started GET "/assets/models/organizations.js?body=1" for 127.0.0.1 at 2014-12-17 19:47:46 -0500


Started GET "/assets/routes/organizations.js?body=1" for 127.0.0.1 at 2014-12-17 19:47:46 -0500


Started GET "/assets/router.js?body=1" for 127.0.0.1 at 2014-12-17 19:47:46 -0500


Started GET "/assets/application.js?body=1" for 127.0.0.1 at 2014-12-17 19:47:46 -0500


Started GET "/assets/store.js?body=1" for 127.0.0.1 at 2014-12-17 19:47:46 -0500


Started GET "/assets/ember-data.js?body=1" for 127.0.0.1 at 2014-12-17 19:47:46 -0500


Started GET "/assets/my_app.js?body=1" for 127.0.0.1 at 2014-12-17 19:47:46 -0500


Started GET "/" for 127.0.0.1 at 2014-12-17 19:48:34 -0500
Processing by AssetsController#index as HTML
  Rendered assets/index.html.erb (657.0ms)
Completed 200 OK in 660ms (Views: 659.3ms | ActiveRecord: 0.0ms)


Started GET "/assets/application.css?body=1" for 127.0.0.1 at 2014-12-17 19:48:35 -0500


Started GET "/assets/jquery.js?body=1" for 127.0.0.1 at 2014-12-17 19:48:35 -0500


Started GET "/assets/ember.js?body=1" for 127.0.0.1 at 2014-12-17 19:48:35 -0500


Started GET "/assets/application.js?body=1" for 127.0.0.1 at 2014-12-17 19:48:35 -0500


Started GET "/assets/models/organizations.js?body=1" for 127.0.0.1 at 2014-12-17 19:48:35 -0500


Started GET "/assets/ember-data.js?body=1" for 127.0.0.1 at 2014-12-17 19:48:35 -0500


Started GET "/assets/templates/index.js?body=1" for 127.0.0.1 at 2014-12-17 19:48:35 -0500


Started GET "/assets/store.js?body=1" for 127.0.0.1 at 2014-12-17 19:48:35 -0500


Started GET "/assets/handlebars.js?body=1" for 127.0.0.1 at 2014-12-17 19:48:35 -0500


Started GET "/assets/router.js?body=1" for 127.0.0.1 at 2014-12-17 19:48:35 -0500


Started GET "/assets/routes/organizations.js?body=1" for 127.0.0.1 at 2014-12-17 19:48:35 -0500


Started GET "/assets/my_app.js?body=1" for 127.0.0.1 at 2014-12-17 19:48:35 -0500


Started GET "/" for 127.0.0.1 at 2014-12-17 19:48:50 -0500
Processing by AssetsController#index as HTML
  Rendered assets/index.html.erb (576.7ms)
Completed 200 OK in 580ms (Views: 578.9ms | ActiveRecord: 0.0ms)


Started GET "/assets/application.css?body=1" for 127.0.0.1 at 2014-12-17 19:48:51 -0500


Started GET "/assets/jquery.js?body=1" for 127.0.0.1 at 2014-12-17 19:48:51 -0500


Started GET "/assets/application.js?body=1" for 127.0.0.1 at 2014-12-17 19:48:51 -0500


Started GET "/assets/ember.js?body=1" for 127.0.0.1 at 2014-12-17 19:48:51 -0500


Started GET "/assets/models/organizations.js?body=1" for 127.0.0.1 at 2014-12-17 19:48:51 -0500


Started GET "/assets/store.js?body=1" for 127.0.0.1 at 2014-12-17 19:48:51 -0500


Started GET "/assets/ember-data.js?body=1" for 127.0.0.1 at 2014-12-17 19:48:51 -0500


Started GET "/assets/handlebars.js?body=1" for 127.0.0.1 at 2014-12-17 19:48:51 -0500


Started GET "/assets/templates/index.js?body=1" for 127.0.0.1 at 2014-12-17 19:48:51 -0500


Started GET "/assets/routes/organizations.js?body=1" for 127.0.0.1 at 2014-12-17 19:48:51 -0500


Started GET "/assets/router.js?body=1" for 127.0.0.1 at 2014-12-17 19:48:51 -0500


Started GET "/assets/my_app.js?body=1" for 127.0.0.1 at 2014-12-17 19:48:51 -0500


Started GET "/" for 127.0.0.1 at 2014-12-17 19:49:21 -0500
Processing by AssetsController#index as HTML
  Rendered assets/index.html.erb (633.4ms)
Completed 200 OK in 637ms (Views: 636.3ms | ActiveRecord: 0.0ms)


Started GET "/assets/ember.js?body=1" for 127.0.0.1 at 2014-12-17 19:49:22 -0500


Started GET "/assets/jquery.js?body=1" for 127.0.0.1 at 2014-12-17 19:49:22 -0500


Started GET "/assets/handlebars.js?body=1" for 127.0.0.1 at 2014-12-17 19:49:22 -0500


Started GET "/assets/ember-data.js?body=1" for 127.0.0.1 at 2014-12-17 19:49:22 -0500


Started GET "/assets/application.css?body=1" for 127.0.0.1 at 2014-12-17 19:49:22 -0500


Started GET "/assets/models/organizations.js?body=1" for 127.0.0.1 at 2014-12-17 19:49:22 -0500


Started GET "/assets/templates/organizations.js?body=1" for 127.0.0.1 at 2014-12-17 19:49:22 -0500


Started GET "/assets/application.js?body=1" for 127.0.0.1 at 2014-12-17 19:49:22 -0500


Started GET "/assets/store.js?body=1" for 127.0.0.1 at 2014-12-17 19:49:22 -0500


Started GET "/assets/routes/organizations.js?body=1" for 127.0.0.1 at 2014-12-17 19:49:22 -0500


Started GET "/assets/router.js?body=1" for 127.0.0.1 at 2014-12-17 19:49:22 -0500


Started GET "/assets/my_app.js?body=1" for 127.0.0.1 at 2014-12-17 19:49:22 -0500


Started GET "/" for 127.0.0.1 at 2014-12-17 19:51:41 -0500
Processing by AssetsController#index as HTML
  Rendered assets/index.html.erb (353.4ms)
Completed 500 Internal Server Error in 369ms

ActionView::Template::Error (Pre compilation failed for: <div style="width: 600px; border: 6px solid #eee; margin: 0 auto; padding: 20px; text-align: center; font-family: sans-serif;">
	= each organization in controller
	  h2= organization.name
	  | {{{organization.body}}}
</div>

. Compiler said: TypeError: Cannot set property 'exports' of undefined
  (in /Users/SamDavis/Desktop/work/my_app/app/assets/javascripts/templates/organizations.js.emblem)):
     6:   <%= csrf_meta_tags %>
     7: </head>
     8: <body>
     9:   <%= javascript_include_tag "application" %>
    10:   <%= yield %>
    11: </body>
    12: </html>
  app/views/assets/index.html.erb:9:in `_app_views_assets_index_html_erb__4383495778927471096_2168090300'


  Rendered /Users/SamDavis/.rvm/gems/ruby-2.1.1/gems/actionpack-4.1.6/lib/action_dispatch/middleware/templates/rescues/_trace.html.erb (1.9ms)
  Rendered /Users/SamDavis/.rvm/gems/ruby-2.1.1/gems/actionpack-4.1.6/lib/action_dispatch/middleware/templates/rescues/_request_and_response.html.erb (1.2ms)
  Rendered /Users/SamDavis/.rvm/gems/ruby-2.1.1/gems/actionpack-4.1.6/lib/action_dispatch/middleware/templates/rescues/template_error.html.erb within rescues/layout (20.1ms)


Started GET "/" for 127.0.0.1 at 2014-12-17 19:52:08 -0500
Processing by AssetsController#index as HTML
  Rendered assets/index.html.erb (330.8ms)
Completed 500 Internal Server Error in 334ms

ActionView::Template::Error (Pre compilation failed for: 
= each organization in controller
  h2= organization.name
  | {{{organization.body}}}

. Compiler said: TypeError: Cannot set property 'exports' of undefined
  (in /Users/SamDavis/Desktop/work/my_app/app/assets/javascripts/templates/organizations.js.emblem)):
     6:   <%= csrf_meta_tags %>
     7: </head>
     8: <body>
     9:   <%= javascript_include_tag "application" %>
    10:   <%= yield %>
    11: </body>
    12: </html>
  app/views/assets/index.html.erb:9:in `_app_views_assets_index_html_erb__4383495778927471096_2168090300'


  Rendered /Users/SamDavis/.rvm/gems/ruby-2.1.1/gems/actionpack-4.1.6/lib/action_dispatch/middleware/templates/rescues/_trace.html.erb (2.0ms)
  Rendered /Users/SamDavis/.rvm/gems/ruby-2.1.1/gems/actionpack-4.1.6/lib/action_dispatch/middleware/templates/rescues/_request_and_response.html.erb (2.2ms)
  Rendered /Users/SamDavis/.rvm/gems/ruby-2.1.1/gems/actionpack-4.1.6/lib/action_dispatch/middleware/templates/rescues/template_error.html.erb within rescues/layout (15.9ms)
  [1m[36m (1.0ms)[0m  [1mCREATE TABLE "schema_migrations" ("version" varchar(255) NOT NULL) [0m
  [1m[35m (0.1ms)[0m  select sqlite_version(*)
  [1m[36m (0.9ms)[0m  [1mCREATE UNIQUE INDEX "unique_schema_migrations" ON "schema_migrations" ("version")[0m
  [1m[35mActiveRecord::SchemaMigration Load (0.1ms)[0m  SELECT "schema_migrations".* FROM "schema_migrations"
Migrating to CreatePosts (20141218160352)
  [1m[36m (0.1ms)[0m  [1mbegin transaction[0m
  [1m[35m (0.6ms)[0m  CREATE TABLE "posts" ("id" INTEGER PRIMARY KEY AUTOINCREMENT NOT NULL, "title" varchar(255), "author" varchar(255), "published_at" date, "intro" text, "extended" text, "created_at" datetime, "updated_at" datetime) 
  [1m[36mSQL (0.2ms)[0m  [1mINSERT INTO "schema_migrations" ("version") VALUES (?)[0m  [["version", "20141218160352"]]
  [1m[35m (0.8ms)[0m  commit transaction
  [1m[36mActiveRecord::SchemaMigration Load (0.1ms)[0m  [1mSELECT "schema_migrations".* FROM "schema_migrations"[0m
  [1m[36mPost Load (1.2ms)[0m  [1mSELECT "posts".* FROM "posts"[0m
  [1m[36m (8.8ms)[0m  [1mCREATE TABLE "schema_migrations" ("version" character varying(255) NOT NULL) [0m
  [1m[35m (4.3ms)[0m  CREATE UNIQUE INDEX  "unique_schema_migrations" ON "schema_migrations"  ("version")
  [1m[36mActiveRecord::SchemaMigration Load (0.5ms)[0m  [1mSELECT "schema_migrations".* FROM "schema_migrations"[0m
Migrating to CreatePosts (20141218160352)
  [1m[35m (0.7ms)[0m  BEGIN
  [1m[36m (6.7ms)[0m  [1mCREATE TABLE "posts" ("id" serial primary key, "title" character varying(255), "author" character varying(255), "published_at" date, "intro" text, "extended" text, "created_at" timestamp, "updated_at" timestamp) [0m
  [1m[35mSQL (0.5ms)[0m  INSERT INTO "schema_migrations" ("version") VALUES ($1)  [["version", "20141218160352"]]
  [1m[36m (0.5ms)[0m  [1mCOMMIT[0m
  [1m[35mActiveRecord::SchemaMigration Load (0.4ms)[0m  SELECT "schema_migrations".* FROM "schema_migrations"
  [1m[36mPost Load (0.9ms)[0m  [1mSELECT "posts".* FROM "posts"[0m
  [1m[35m (0.3ms)[0m  BEGIN
  [1m[36mSQL (6.3ms)[0m  [1mINSERT INTO "posts" ("author", "created_at", "title", "updated_at") VALUES ($1, $2, $3, $4) RETURNING "id"[0m  [["author", "JKR"], ["created_at", "2014-12-18 16:10:30.883146"], ["title", "Harry Potter"], ["updated_at", "2014-12-18 16:10:30.883146"]]
  [1m[35m (6.2ms)[0m  COMMIT


Started GET "/" for 127.0.0.1 at 2014-12-18 11:28:08 -0500
  [1m[36mActiveRecord::SchemaMigration Load (0.8ms)[0m  [1mSELECT "schema_migrations".* FROM "schema_migrations"[0m
Processing by StaticController#index as HTML
Completed 500 Internal Server Error in 21ms

ActionView::MissingTemplate (Missing template static/index, application/index with {:locale=>[:en], :formats=>[:html], :variants=>[], :handlers=>[:erb, :builder, :raw, :ruby, :jbuilder, :coffee]}. Searched in:
  * "/Users/SamDavis/Desktop/work/my_app/app/views"
):
  actionview (4.1.0) lib/action_view/path_set.rb:46:in `find'
  actionview (4.1.0) lib/action_view/lookup_context.rb:124:in `find'
  actionview (4.1.0) lib/action_view/renderer/abstract_renderer.rb:18:in `find_template'
  actionview (4.1.0) lib/action_view/renderer/template_renderer.rb:41:in `determine_template'
  actionview (4.1.0) lib/action_view/renderer/template_renderer.rb:8:in `render'
  actionview (4.1.0) lib/action_view/renderer/renderer.rb:42:in `render_template'
  actionview (4.1.0) lib/action_view/renderer/renderer.rb:23:in `render'
  actionview (4.1.0) lib/action_view/rendering.rb:99:in `_render_template'
  actionpack (4.1.0) lib/action_controller/metal/streaming.rb:217:in `_render_template'
  actionview (4.1.0) lib/action_view/rendering.rb:82:in `render_to_body'
  actionpack (4.1.0) lib/action_controller/metal/rendering.rb:32:in `render_to_body'
  actionpack (4.1.0) lib/action_controller/metal/renderers.rb:32:in `render_to_body'
  actionpack (4.1.0) lib/abstract_controller/rendering.rb:25:in `render'
  actionpack (4.1.0) lib/action_controller/metal/rendering.rb:16:in `render'
  actionpack (4.1.0) lib/action_controller/metal/instrumentation.rb:41:in `block (2 levels) in render'
  activesupport (4.1.0) lib/active_support/core_ext/benchmark.rb:12:in `block in ms'
  /Users/SamDavis/.rvm/rubies/ruby-2.1.5/lib/ruby/2.1.0/benchmark.rb:294:in `realtime'
  activesupport (4.1.0) lib/active_support/core_ext/benchmark.rb:12:in `ms'
  actionpack (4.1.0) lib/action_controller/metal/instrumentation.rb:41:in `block in render'
  actionpack (4.1.0) lib/action_controller/metal/instrumentation.rb:84:in `cleanup_view_runtime'
  activerecord (4.1.0) lib/active_record/railties/controller_runtime.rb:25:in `cleanup_view_runtime'
  actionpack (4.1.0) lib/action_controller/metal/instrumentation.rb:40:in `render'
  actionpack (4.1.0) lib/action_controller/metal/implicit_render.rb:10:in `default_render'
  actionpack (4.1.0) lib/action_controller/metal/implicit_render.rb:5:in `send_action'
  actionpack (4.1.0) lib/abstract_controller/base.rb:189:in `process_action'
  actionpack (4.1.0) lib/action_controller/metal/rendering.rb:10:in `process_action'
  actionpack (4.1.0) lib/abstract_controller/callbacks.rb:20:in `block in process_action'
  activesupport (4.1.0) lib/active_support/callbacks.rb:113:in `call'
  activesupport (4.1.0) lib/active_support/callbacks.rb:113:in `call'
  activesupport (4.1.0) lib/active_support/callbacks.rb:229:in `block in halting'
  activesupport (4.1.0) lib/active_support/callbacks.rb:229:in `call'
  activesupport (4.1.0) lib/active_support/callbacks.rb:229:in `block in halting'
  activesupport (4.1.0) lib/active_support/callbacks.rb:166:in `call'
  activesupport (4.1.0) lib/active_support/callbacks.rb:166:in `block in halting'
  activesupport (4.1.0) lib/active_support/callbacks.rb:166:in `call'
  activesupport (4.1.0) lib/active_support/callbacks.rb:166:in `block in halting'
  activesupport (4.1.0) lib/active_support/callbacks.rb:166:in `call'
  activesupport (4.1.0) lib/active_support/callbacks.rb:166:in `block in halting'
  activesupport (4.1.0) lib/active_support/callbacks.rb:86:in `call'
  activesupport (4.1.0) lib/active_support/callbacks.rb:86:in `run_callbacks'
  actionpack (4.1.0) lib/abstract_controller/callbacks.rb:19:in `process_action'
  actionpack (4.1.0) lib/action_controller/metal/rescue.rb:29:in `process_action'
  actionpack (4.1.0) lib/action_controller/metal/instrumentation.rb:31:in `block in process_action'
  activesupport (4.1.0) lib/active_support/notifications.rb:159:in `block in instrument'
  activesupport (4.1.0) lib/active_support/notifications/instrumenter.rb:20:in `instrument'
  activesupport (4.1.0) lib/active_support/notifications.rb:159:in `instrument'
  actionpack (4.1.0) lib/action_controller/metal/instrumentation.rb:30:in `process_action'
  actionpack (4.1.0) lib/action_controller/metal/params_wrapper.rb:250:in `process_action'
  activerecord (4.1.0) lib/active_record/railties/controller_runtime.rb:18:in `process_action'
  actionpack (4.1.0) lib/abstract_controller/base.rb:136:in `process'
  actionview (4.1.0) lib/action_view/rendering.rb:30:in `process'
  actionpack (4.1.0) lib/action_controller/metal.rb:195:in `dispatch'
  actionpack (4.1.0) lib/action_controller/metal/rack_delegation.rb:13:in `dispatch'
  actionpack (4.1.0) lib/action_controller/metal.rb:231:in `block in action'
  actionpack (4.1.0) lib/action_dispatch/routing/route_set.rb:80:in `call'
  actionpack (4.1.0) lib/action_dispatch/routing/route_set.rb:80:in `dispatch'
  actionpack (4.1.0) lib/action_dispatch/routing/route_set.rb:48:in `call'
  actionpack (4.1.0) lib/action_dispatch/journey/router.rb:71:in `block in call'
  actionpack (4.1.0) lib/action_dispatch/journey/router.rb:59:in `each'
  actionpack (4.1.0) lib/action_dispatch/journey/router.rb:59:in `call'
  actionpack (4.1.0) lib/action_dispatch/routing/route_set.rb:676:in `call'
  rack (1.5.2) lib/rack/etag.rb:23:in `call'
  rack (1.5.2) lib/rack/conditionalget.rb:25:in `call'
  rack (1.5.2) lib/rack/head.rb:11:in `call'
  actionpack (4.1.0) lib/action_dispatch/middleware/params_parser.rb:27:in `call'
  actionpack (4.1.0) lib/action_dispatch/middleware/flash.rb:254:in `call'
  rack (1.5.2) lib/rack/session/abstract/id.rb:225:in `context'
  rack (1.5.2) lib/rack/session/abstract/id.rb:220:in `call'
  actionpack (4.1.0) lib/action_dispatch/middleware/cookies.rb:560:in `call'
  activerecord (4.1.0) lib/active_record/query_cache.rb:36:in `call'
  activerecord (4.1.0) lib/active_record/connection_adapters/abstract/connection_pool.rb:621:in `call'
  activerecord (4.1.0) lib/active_record/migration.rb:380:in `call'
  actionpack (4.1.0) lib/action_dispatch/middleware/callbacks.rb:29:in `block in call'
  activesupport (4.1.0) lib/active_support/callbacks.rb:82:in `run_callbacks'
  actionpack (4.1.0) lib/action_dispatch/middleware/callbacks.rb:27:in `call'
  actionpack (4.1.0) lib/action_dispatch/middleware/reloader.rb:73:in `call'
  actionpack (4.1.0) lib/action_dispatch/middleware/remote_ip.rb:76:in `call'
  actionpack (4.1.0) lib/action_dispatch/middleware/debug_exceptions.rb:17:in `call'
  actionpack (4.1.0) lib/action_dispatch/middleware/show_exceptions.rb:30:in `call'
  railties (4.1.0) lib/rails/rack/logger.rb:38:in `call_app'
  railties (4.1.0) lib/rails/rack/logger.rb:20:in `block in call'
  activesupport (4.1.0) lib/active_support/tagged_logging.rb:68:in `block in tagged'
  activesupport (4.1.0) lib/active_support/tagged_logging.rb:26:in `tagged'
  activesupport (4.1.0) lib/active_support/tagged_logging.rb:68:in `tagged'
  railties (4.1.0) lib/rails/rack/logger.rb:20:in `call'
  actionpack (4.1.0) lib/action_dispatch/middleware/request_id.rb:21:in `call'
  rack (1.5.2) lib/rack/methodoverride.rb:21:in `call'
  rack (1.5.2) lib/rack/runtime.rb:17:in `call'
  activesupport (4.1.0) lib/active_support/cache/strategy/local_cache_middleware.rb:26:in `call'
  rack (1.5.2) lib/rack/lock.rb:17:in `call'
  actionpack (4.1.0) lib/action_dispatch/middleware/static.rb:64:in `call'
  rack (1.5.2) lib/rack/sendfile.rb:112:in `call'
  railties (4.1.0) lib/rails/engine.rb:514:in `call'
  railties (4.1.0) lib/rails/application.rb:144:in `call'
  rack (1.5.2) lib/rack/content_length.rb:14:in `call'
  puma (2.10.2) lib/puma/server.rb:492:in `handle_request'
  puma (2.10.2) lib/puma/server.rb:363:in `process_client'
  puma (2.10.2) lib/puma/server.rb:254:in `block in run'
  puma (2.10.2) lib/puma/thread_pool.rb:101:in `call'
  puma (2.10.2) lib/puma/thread_pool.rb:101:in `block in spawn_thread'


  Rendered /Users/SamDavis/.rvm/gems/ruby-2.1.5/gems/actionpack-4.1.0/lib/action_dispatch/middleware/templates/rescues/missing_template.html.erb within rescues/layout (1.9ms)


Started GET "/" for 127.0.0.1 at 2014-12-18 11:30:07 -0500
  [1m[36mActiveRecord::SchemaMigration Load (0.6ms)[0m  [1mSELECT "schema_migrations".* FROM "schema_migrations"[0m
Processing by StaticController#index as HTML
  Rendered static/index.haml within layouts/application (7.6ms)
Completed 500 Internal Server Error in 47ms

ActionView::Template::Error (couldn't find file 'showdown'
  (in /Users/SamDavis/Desktop/work/my_app/app/assets/javascripts/application.js:13)):
    3:   %head
    4:     %title App
    5:     = stylesheet_link_tag    "application", media: "all", "data-turbolinks-track" => true
    6:     = javascript_include_tag "application", "data-turbolinks-track" => true
    7:     = csrf_meta_tags
    8:   %body
    9:     = yield
  app/views/layouts/application.haml:6:in `_app_views_layouts_application_haml___2217013041576411245_70208136546640'


  Rendered /Users/SamDavis/.rvm/gems/ruby-2.1.5/gems/actionpack-4.1.0/lib/action_dispatch/middleware/templates/rescues/_trace.html.erb (1.5ms)
  Rendered /Users/SamDavis/.rvm/gems/ruby-2.1.5/gems/actionpack-4.1.0/lib/action_dispatch/middleware/templates/rescues/_request_and_response.html.erb (1.0ms)
  Rendered /Users/SamDavis/.rvm/gems/ruby-2.1.5/gems/actionpack-4.1.0/lib/action_dispatch/middleware/templates/rescues/template_error.html.erb within rescues/layout (18.3ms)


Started GET "/" for 127.0.0.1 at 2014-12-18 11:31:59 -0500
  [1m[36mActiveRecord::SchemaMigration Load (0.7ms)[0m  [1mSELECT "schema_migrations".* FROM "schema_migrations"[0m
Processing by StaticController#index as HTML
  Rendered static/index.haml within layouts/application (7.3ms)
Completed 500 Internal Server Error in 626ms

ActionView::Template::Error (couldn't find file './fixtures'
  (in /Users/SamDavis/Desktop/work/my_app/app/assets/javascripts/app.js.coffee:10)):
    3:   %head
    4:     %title App
    5:     = stylesheet_link_tag    "application", media: "all", "data-turbolinks-track" => true
    6:     = javascript_include_tag "application", "data-turbolinks-track" => true
    7:     = csrf_meta_tags
    8:   %body
    9:     = yield
  app/views/layouts/application.haml:6:in `_app_views_layouts_application_haml__2809887324023600520_70131140536260'


  Rendered /Users/SamDavis/.rvm/gems/ruby-2.1.5/gems/actionpack-4.1.0/lib/action_dispatch/middleware/templates/rescues/_trace.html.erb (1.3ms)
  Rendered /Users/SamDavis/.rvm/gems/ruby-2.1.5/gems/actionpack-4.1.0/lib/action_dispatch/middleware/templates/rescues/_request_and_response.html.erb (1.0ms)
  Rendered /Users/SamDavis/.rvm/gems/ruby-2.1.5/gems/actionpack-4.1.0/lib/action_dispatch/middleware/templates/rescues/template_error.html.erb within rescues/layout (12.1ms)


Started GET "/" for 127.0.0.1 at 2014-12-18 11:32:51 -0500
  [1m[36mActiveRecord::SchemaMigration Load (0.8ms)[0m  [1mSELECT "schema_migrations".* FROM "schema_migrations"[0m
Processing by StaticController#index as HTML
  Rendered static/index.haml within layouts/application (7.7ms)
Completed 200 OK in 815ms (Views: 805.6ms | ActiveRecord: 0.0ms)


Started GET "/assets/showdown.js?body=1" for 127.0.0.1 at 2014-12-18 11:32:52 -0500


Started GET "/assets/application.css?body=1" for 127.0.0.1 at 2014-12-18 11:32:52 -0500


Started GET "/assets/moment.js?body=1" for 127.0.0.1 at 2014-12-18 11:32:52 -0500


Started GET "/assets/turbolinks.js?body=1" for 127.0.0.1 at 2014-12-18 11:32:52 -0500


Started GET "/javascripts/templates/organizations.js.emblem.js" for 127.0.0.1 at 2014-12-18 11:32:52 -0500

ActionController::RoutingError (No route matches [GET] "/javascripts/templates/organizations.js.emblem.js"):
  actionpack (4.1.0) lib/action_dispatch/middleware/debug_exceptions.rb:21:in `call'
  actionpack (4.1.0) lib/action_dispatch/middleware/show_exceptions.rb:30:in `call'
  railties (4.1.0) lib/rails/rack/logger.rb:38:in `call_app'
  railties (4.1.0) lib/rails/rack/logger.rb:20:in `block in call'
  activesupport (4.1.0) lib/active_support/tagged_logging.rb:68:in `block in tagged'
  activesupport (4.1.0) lib/active_support/tagged_logging.rb:26:in `tagged'
  activesupport (4.1.0) lib/active_support/tagged_logging.rb:68:in `tagged'
  railties (4.1.0) lib/rails/rack/logger.rb:20:in `call'
  actionpack (4.1.0) lib/action_dispatch/middleware/request_id.rb:21:in `call'
  rack (1.5.2) lib/rack/methodoverride.rb:21:in `call'
  rack (1.5.2) lib/rack/runtime.rb:17:in `call'
  activesupport (4.1.0) lib/active_support/cache/strategy/local_cache_middleware.rb:26:in `call'
  rack (1.5.2) lib/rack/lock.rb:17:in `call'
  actionpack (4.1.0) lib/action_dispatch/middleware/static.rb:64:in `call'
  rack (1.5.2) lib/rack/sendfile.rb:112:in `call'
  railties (4.1.0) lib/rails/engine.rb:514:in `call'
  railties (4.1.0) lib/rails/application.rb:144:in `call'
  rack (1.5.2) lib/rack/content_length.rb:14:in `call'
  puma (2.10.2) lib/puma/server.rb:492:in `handle_request'
  puma (2.10.2) lib/puma/server.rb:363:in `process_client'
  puma (2.10.2) lib/puma/server.rb:254:in `block in run'
  puma (2.10.2) lib/puma/thread_pool.rb:101:in `call'
  puma (2.10.2) lib/puma/thread_pool.rb:101:in `block in spawn_thread'


  Rendered /Users/SamDavis/.rvm/gems/ruby-2.1.5/gems/actionpack-4.1.0/lib/action_dispatch/middleware/templates/rescues/_trace.html.erb (2.0ms)
  Rendered /Users/SamDavis/.rvm/gems/ruby-2.1.5/gems/actionpack-4.1.0/lib/action_dispatch/middleware/templates/routes/_route.html.erb (2.7ms)
  Rendered /Users/SamDavis/.rvm/gems/ruby-2.1.5/gems/actionpack-4.1.0/lib/action_dispatch/middleware/templates/routes/_table.html.erb (5.5ms)
  Rendered /Users/SamDavis/.rvm/gems/ruby-2.1.5/gems/actionpack-4.1.0/lib/action_dispatch/middleware/templates/rescues/routing_error.html.erb within rescues/layout (53.5ms)


Started GET "/assets/jquery.js?body=1" for 127.0.0.1 at 2014-12-18 11:32:52 -0500


Started GET "/assets/jquery_ujs.js?body=1" for 127.0.0.1 at 2014-12-18 11:32:52 -0500


Started GET "/assets/handlebars.js?body=1" for 127.0.0.1 at 2014-12-18 11:32:52 -0500


Started GET "/assets/ember.js?body=1" for 127.0.0.1 at 2014-12-18 11:32:52 -0500


Started GET "/assets/ember-data.js?body=1" for 127.0.0.1 at 2014-12-18 11:32:53 -0500


Started GET "/assets/application.js?body=1" for 127.0.0.1 at 2014-12-18 11:32:53 -0500


Started GET "/assets/store.js?body=1" for 127.0.0.1 at 2014-12-18 11:32:53 -0500


Started GET "/assets/models/organizations.js?body=1" for 127.0.0.1 at 2014-12-18 11:32:53 -0500


Started GET "/assets/routes/organizations.js?body=1" for 127.0.0.1 at 2014-12-18 11:32:53 -0500


Started GET "/assets/router.js?body=1" for 127.0.0.1 at 2014-12-18 11:32:53 -0500


Started GET "/assets/app.js?body=1" for 127.0.0.1 at 2014-12-18 11:32:53 -0500


Started GET "/assets/fixtures.js?body=1" for 127.0.0.1 at 2014-12-18 11:32:53 -0500


Started GET "/assets/ember-data.js.map" for 127.0.0.1 at 2014-12-18 11:32:53 -0500

ActionController::RoutingError (No route matches [GET] "/assets/ember-data.js.map"):
  actionpack (4.1.0) lib/action_dispatch/middleware/debug_exceptions.rb:21:in `call'
  actionpack (4.1.0) lib/action_dispatch/middleware/show_exceptions.rb:30:in `call'
  railties (4.1.0) lib/rails/rack/logger.rb:38:in `call_app'
  railties (4.1.0) lib/rails/rack/logger.rb:20:in `block in call'
  activesupport (4.1.0) lib/active_support/tagged_logging.rb:68:in `block in tagged'
  activesupport (4.1.0) lib/active_support/tagged_logging.rb:26:in `tagged'
  activesupport (4.1.0) lib/active_support/tagged_logging.rb:68:in `tagged'
  railties (4.1.0) lib/rails/rack/logger.rb:20:in `call'
  actionpack (4.1.0) lib/action_dispatch/middleware/request_id.rb:21:in `call'
  rack (1.5.2) lib/rack/methodoverride.rb:21:in `call'
  rack (1.5.2) lib/rack/runtime.rb:17:in `call'
  activesupport (4.1.0) lib/active_support/cache/strategy/local_cache_middleware.rb:26:in `call'
  rack (1.5.2) lib/rack/lock.rb:17:in `call'
  actionpack (4.1.0) lib/action_dispatch/middleware/static.rb:64:in `call'
  rack (1.5.2) lib/rack/sendfile.rb:112:in `call'
  railties (4.1.0) lib/rails/engine.rb:514:in `call'
  railties (4.1.0) lib/rails/application.rb:144:in `call'
  rack (1.5.2) lib/rack/content_length.rb:14:in `call'
  puma (2.10.2) lib/puma/server.rb:492:in `handle_request'
  puma (2.10.2) lib/puma/server.rb:363:in `process_client'
  puma (2.10.2) lib/puma/server.rb:254:in `block in run'
  puma (2.10.2) lib/puma/thread_pool.rb:101:in `call'
  puma (2.10.2) lib/puma/thread_pool.rb:101:in `block in spawn_thread'


  Rendered /Users/SamDavis/.rvm/gems/ruby-2.1.5/gems/actionpack-4.1.0/lib/action_dispatch/middleware/templates/rescues/_trace.html.erb (1.3ms)
  Rendered /Users/SamDavis/.rvm/gems/ruby-2.1.5/gems/actionpack-4.1.0/lib/action_dispatch/middleware/templates/routes/_route.html.erb (1.5ms)
  Rendered /Users/SamDavis/.rvm/gems/ruby-2.1.5/gems/actionpack-4.1.0/lib/action_dispatch/middleware/templates/routes/_table.html.erb (1.7ms)
  Rendered /Users/SamDavis/.rvm/gems/ruby-2.1.5/gems/actionpack-4.1.0/lib/action_dispatch/middleware/templates/rescues/routing_error.html.erb within rescues/layout (26.4ms)


Started GET "/" for 127.0.0.1 at 2014-12-18 11:33:48 -0500
Processing by StaticController#index as HTML
  Rendered static/index.haml within layouts/application (0.1ms)
Completed 200 OK in 693ms (Views: 692.6ms | ActiveRecord: 0.0ms)


Started GET "/assets/application.css?body=1" for 127.0.0.1 at 2014-12-18 11:33:48 -0500


Started GET "/assets/handlebars.js?body=1" for 127.0.0.1 at 2014-12-18 11:33:48 -0500


Started GET "/assets/moment.js?body=1" for 127.0.0.1 at 2014-12-18 11:33:48 -0500


Started GET "/assets/jquery_ujs.js?body=1" for 127.0.0.1 at 2014-12-18 11:33:48 -0500


Started GET "/assets/turbolinks.js?body=1" for 127.0.0.1 at 2014-12-18 11:33:48 -0500


Started GET "/assets/jquery.js?body=1" for 127.0.0.1 at 2014-12-18 11:33:48 -0500


Started GET "/assets/showdown.js?body=1" for 127.0.0.1 at 2014-12-18 11:33:48 -0500


Started GET "/assets/ember.js?body=1" for 127.0.0.1 at 2014-12-18 11:33:48 -0500


Started GET "/assets/ember-data.js?body=1" for 127.0.0.1 at 2014-12-18 11:33:48 -0500


Started GET "/assets/application.js?body=1" for 127.0.0.1 at 2014-12-18 11:33:48 -0500


Started GET "/assets/store.js?body=1" for 127.0.0.1 at 2014-12-18 11:33:48 -0500


Started GET "/assets/models/organizations.js?body=1" for 127.0.0.1 at 2014-12-18 11:33:48 -0500


Started GET "/assets/routes/organizations.js?body=1" for 127.0.0.1 at 2014-12-18 11:33:48 -0500


Started GET "/assets/router.js?body=1" for 127.0.0.1 at 2014-12-18 11:33:48 -0500


Started GET "/assets/app.js?body=1" for 127.0.0.1 at 2014-12-18 11:33:48 -0500


Started GET "/assets/fixtures.js?body=1" for 127.0.0.1 at 2014-12-18 11:33:48 -0500


Started GET "/assets/ember-data.js.map" for 127.0.0.1 at 2014-12-18 11:33:49 -0500

ActionController::RoutingError (No route matches [GET] "/assets/ember-data.js.map"):
  actionpack (4.1.0) lib/action_dispatch/middleware/debug_exceptions.rb:21:in `call'
  actionpack (4.1.0) lib/action_dispatch/middleware/show_exceptions.rb:30:in `call'
  railties (4.1.0) lib/rails/rack/logger.rb:38:in `call_app'
  railties (4.1.0) lib/rails/rack/logger.rb:20:in `block in call'
  activesupport (4.1.0) lib/active_support/tagged_logging.rb:68:in `block in tagged'
  activesupport (4.1.0) lib/active_support/tagged_logging.rb:26:in `tagged'
  activesupport (4.1.0) lib/active_support/tagged_logging.rb:68:in `tagged'
  railties (4.1.0) lib/rails/rack/logger.rb:20:in `call'
  actionpack (4.1.0) lib/action_dispatch/middleware/request_id.rb:21:in `call'
  rack (1.5.2) lib/rack/methodoverride.rb:21:in `call'
  rack (1.5.2) lib/rack/runtime.rb:17:in `call'
  activesupport (4.1.0) lib/active_support/cache/strategy/local_cache_middleware.rb:26:in `call'
  rack (1.5.2) lib/rack/lock.rb:17:in `call'
  actionpack (4.1.0) lib/action_dispatch/middleware/static.rb:64:in `call'
  rack (1.5.2) lib/rack/sendfile.rb:112:in `call'
  railties (4.1.0) lib/rails/engine.rb:514:in `call'
  railties (4.1.0) lib/rails/application.rb:144:in `call'
  rack (1.5.2) lib/rack/content_length.rb:14:in `call'
  puma (2.10.2) lib/puma/server.rb:492:in `handle_request'
  puma (2.10.2) lib/puma/server.rb:363:in `process_client'
  puma (2.10.2) lib/puma/server.rb:254:in `block in run'
  puma (2.10.2) lib/puma/thread_pool.rb:101:in `call'
  puma (2.10.2) lib/puma/thread_pool.rb:101:in `block in spawn_thread'


  Rendered /Users/SamDavis/.rvm/gems/ruby-2.1.5/gems/actionpack-4.1.0/lib/action_dispatch/middleware/templates/rescues/_trace.html.erb (1.7ms)
  Rendered /Users/SamDavis/.rvm/gems/ruby-2.1.5/gems/actionpack-4.1.0/lib/action_dispatch/middleware/templates/routes/_route.html.erb (3.2ms)
  Rendered /Users/SamDavis/.rvm/gems/ruby-2.1.5/gems/actionpack-4.1.0/lib/action_dispatch/middleware/templates/routes/_table.html.erb (2.2ms)
  Rendered /Users/SamDavis/.rvm/gems/ruby-2.1.5/gems/actionpack-4.1.0/lib/action_dispatch/middleware/templates/rescues/routing_error.html.erb within rescues/layout (33.7ms)


Started GET "/" for 127.0.0.1 at 2014-12-18 11:36:05 -0500
Processing by StaticController#index as HTML
  Rendered static/index.haml within layouts/application (0.2ms)
Completed 200 OK in 134ms (Views: 133.3ms | ActiveRecord: 0.0ms)


Started GET "/assets/styles.css?body=1" for 127.0.0.1 at 2014-12-18 11:36:05 -0500


Started GET "/assets/jquery.js?body=1" for 127.0.0.1 at 2014-12-18 11:36:05 -0500


Started GET "/assets/showdown.js?body=1" for 127.0.0.1 at 2014-12-18 11:36:05 -0500


Started GET "/assets/application.css?body=1" for 127.0.0.1 at 2014-12-18 11:36:05 -0500


Started GET "/assets/moment.js?body=1" for 127.0.0.1 at 2014-12-18 11:36:05 -0500


Started GET "/assets/jquery_ujs.js?body=1" for 127.0.0.1 at 2014-12-18 11:36:05 -0500


Started GET "/assets/turbolinks.js?body=1" for 127.0.0.1 at 2014-12-18 11:36:05 -0500


Started GET "/assets/handlebars.js?body=1" for 127.0.0.1 at 2014-12-18 11:36:05 -0500


Started GET "/assets/ember.js?body=1" for 127.0.0.1 at 2014-12-18 11:36:05 -0500


Started GET "/assets/ember-data.js?body=1" for 127.0.0.1 at 2014-12-18 11:36:05 -0500


Started GET "/assets/application.js?body=1" for 127.0.0.1 at 2014-12-18 11:36:05 -0500


Started GET "/assets/store.js?body=1" for 127.0.0.1 at 2014-12-18 11:36:05 -0500


Started GET "/assets/models/organizations.js?body=1" for 127.0.0.1 at 2014-12-18 11:36:05 -0500


Started GET "/assets/routes/organizations.js?body=1" for 127.0.0.1 at 2014-12-18 11:36:05 -0500


Started GET "/assets/router.js?body=1" for 127.0.0.1 at 2014-12-18 11:36:05 -0500


Started GET "/assets/app.js?body=1" for 127.0.0.1 at 2014-12-18 11:36:05 -0500


Started GET "/assets/fixtures.js?body=1" for 127.0.0.1 at 2014-12-18 11:36:05 -0500


Started GET "/assets/ember-data.js.map" for 127.0.0.1 at 2014-12-18 11:36:06 -0500

ActionController::RoutingError (No route matches [GET] "/assets/ember-data.js.map"):
  actionpack (4.1.0) lib/action_dispatch/middleware/debug_exceptions.rb:21:in `call'
  actionpack (4.1.0) lib/action_dispatch/middleware/show_exceptions.rb:30:in `call'
  railties (4.1.0) lib/rails/rack/logger.rb:38:in `call_app'
  railties (4.1.0) lib/rails/rack/logger.rb:20:in `block in call'
  activesupport (4.1.0) lib/active_support/tagged_logging.rb:68:in `block in tagged'
  activesupport (4.1.0) lib/active_support/tagged_logging.rb:26:in `tagged'
  activesupport (4.1.0) lib/active_support/tagged_logging.rb:68:in `tagged'
  railties (4.1.0) lib/rails/rack/logger.rb:20:in `call'
  actionpack (4.1.0) lib/action_dispatch/middleware/request_id.rb:21:in `call'
  rack (1.5.2) lib/rack/methodoverride.rb:21:in `call'
  rack (1.5.2) lib/rack/runtime.rb:17:in `call'
  activesupport (4.1.0) lib/active_support/cache/strategy/local_cache_middleware.rb:26:in `call'
  rack (1.5.2) lib/rack/lock.rb:17:in `call'
  actionpack (4.1.0) lib/action_dispatch/middleware/static.rb:64:in `call'
  rack (1.5.2) lib/rack/sendfile.rb:112:in `call'
  railties (4.1.0) lib/rails/engine.rb:514:in `call'
  railties (4.1.0) lib/rails/application.rb:144:in `call'
  rack (1.5.2) lib/rack/content_length.rb:14:in `call'
  puma (2.10.2) lib/puma/server.rb:492:in `handle_request'
  puma (2.10.2) lib/puma/server.rb:363:in `process_client'
  puma (2.10.2) lib/puma/server.rb:254:in `block in run'
  puma (2.10.2) lib/puma/thread_pool.rb:101:in `call'
  puma (2.10.2) lib/puma/thread_pool.rb:101:in `block in spawn_thread'


  Rendered /Users/SamDavis/.rvm/gems/ruby-2.1.5/gems/actionpack-4.1.0/lib/action_dispatch/middleware/templates/rescues/_trace.html.erb (2.1ms)
  Rendered /Users/SamDavis/.rvm/gems/ruby-2.1.5/gems/actionpack-4.1.0/lib/action_dispatch/middleware/templates/routes/_route.html.erb (2.1ms)
  Rendered /Users/SamDavis/.rvm/gems/ruby-2.1.5/gems/actionpack-4.1.0/lib/action_dispatch/middleware/templates/routes/_table.html.erb (1.3ms)
  Rendered /Users/SamDavis/.rvm/gems/ruby-2.1.5/gems/actionpack-4.1.0/lib/action_dispatch/middleware/templates/rescues/routing_error.html.erb within rescues/layout (26.4ms)
